Start testing: Nov 06 00:48 Беларусь (зима)
----------------------------------------------------------
1/14 Testing: MatrixTest.DefaultConstructor
1/14 Test: MatrixTest.DefaultConstructor
Command: "C:/Users/Dasha/CLionProjects/MatrixPPOIS1/build/Tests/Tests.exe" "--gtest_filter=MatrixTest.DefaultConstructor" "--gtest_also_run_disabled_tests"
Directory: C:/Users/Dasha/CLionProjects/MatrixPPOIS1/build/Tests
"MatrixTest.DefaultConstructor" start time: Nov 06 00:48 Беларусь (зима)
Output:
----------------------------------------------------------
Running main() from C:\Users\Dasha\CLionProjects\MatrixPPOIS1\googletest-main\googletest\src\gtest_main.cc
Note: Google Test filter = MatrixTest.DefaultConstructor
[==========] Running 1 test from 1 test suite.
[----------] Global test environment set-up.
[----------] 1 test from MatrixTest
[ RUN      ] MatrixTest.DefaultConstructor
[       OK ] MatrixTest.DefaultConstructor (0 ms)
[----------] 1 test from MatrixTest (0 ms total)

[----------] Global test environment tear-down
[==========] 1 test from 1 test suite ran. (0 ms total)
[  PASSED  ] 1 test.
<end of output>
Test time =   0.02 sec
----------------------------------------------------------
Test Passed.
"MatrixTest.DefaultConstructor" end time: Nov 06 00:48 Беларусь (зима)
"MatrixTest.DefaultConstructor" time elapsed: 00:00:00
----------------------------------------------------------

2/14 Testing: MatrixTest.ParameterizedConstructor
2/14 Test: MatrixTest.ParameterizedConstructor
Command: "C:/Users/Dasha/CLionProjects/MatrixPPOIS1/build/Tests/Tests.exe" "--gtest_filter=MatrixTest.ParameterizedConstructor" "--gtest_also_run_disabled_tests"
Directory: C:/Users/Dasha/CLionProjects/MatrixPPOIS1/build/Tests
"MatrixTest.ParameterizedConstructor" start time: Nov 06 00:48 Беларусь (зима)
Output:
----------------------------------------------------------
Running main() from C:\Users\Dasha\CLionProjects\MatrixPPOIS1\googletest-main\googletest\src\gtest_main.cc
Note: Google Test filter = MatrixTest.ParameterizedConstructor
[==========] Running 1 test from 1 test suite.
[----------] Global test environment set-up.
[----------] 1 test from MatrixTest
[ RUN      ] MatrixTest.ParameterizedConstructor
[       OK ] MatrixTest.ParameterizedConstructor (0 ms)
[----------] 1 test from MatrixTest (0 ms total)

[----------] Global test environment tear-down
[==========] 1 test from 1 test suite ran. (0 ms total)
[  PASSED  ] 1 test.
<end of output>
Test time =   0.02 sec
----------------------------------------------------------
Test Passed.
"MatrixTest.ParameterizedConstructor" end time: Nov 06 00:48 Беларусь (зима)
"MatrixTest.ParameterizedConstructor" time elapsed: 00:00:00
----------------------------------------------------------

3/14 Testing: MatrixTest.CopyAndAssignment
3/14 Test: MatrixTest.CopyAndAssignment
Command: "C:/Users/Dasha/CLionProjects/MatrixPPOIS1/build/Tests/Tests.exe" "--gtest_filter=MatrixTest.CopyAndAssignment" "--gtest_also_run_disabled_tests"
Directory: C:/Users/Dasha/CLionProjects/MatrixPPOIS1/build/Tests
"MatrixTest.CopyAndAssignment" start time: Nov 06 00:48 Беларусь (зима)
Output:
----------------------------------------------------------
Running main() from C:\Users\Dasha\CLionProjects\MatrixPPOIS1\googletest-main\googletest\src\gtest_main.cc
Note: Google Test filter = MatrixTest.CopyAndAssignment
[==========] Running 1 test from 1 test suite.
[----------] Global test environment set-up.
[----------] 1 test from MatrixTest
[ RUN      ] MatrixTest.CopyAndAssignment
[       OK ] MatrixTest.CopyAndAssignment (0 ms)
[----------] 1 test from MatrixTest (0 ms total)

[----------] Global test environment tear-down
[==========] 1 test from 1 test suite ran. (0 ms total)
[  PASSED  ] 1 test.
<end of output>
Test time =   0.02 sec
----------------------------------------------------------
Test Passed.
"MatrixTest.CopyAndAssignment" end time: Nov 06 00:48 Беларусь (зима)
"MatrixTest.CopyAndAssignment" time elapsed: 00:00:00
----------------------------------------------------------

4/14 Testing: MatrixTest.SetAndGetElement
4/14 Test: MatrixTest.SetAndGetElement
Command: "C:/Users/Dasha/CLionProjects/MatrixPPOIS1/build/Tests/Tests.exe" "--gtest_filter=MatrixTest.SetAndGetElement" "--gtest_also_run_disabled_tests"
Directory: C:/Users/Dasha/CLionProjects/MatrixPPOIS1/build/Tests
"MatrixTest.SetAndGetElement" start time: Nov 06 00:48 Беларусь (зима)
Output:
----------------------------------------------------------
Running main() from C:\Users\Dasha\CLionProjects\MatrixPPOIS1\googletest-main\googletest\src\gtest_main.cc
Note: Google Test filter = MatrixTest.SetAndGetElement
[==========] Running 1 test from 1 test suite.
[----------] Global test environment set-up.
[----------] 1 test from MatrixTest
[ RUN      ] MatrixTest.SetAndGetElement
[       OK ] MatrixTest.SetAndGetElement (0 ms)
[----------] 1 test from MatrixTest (0 ms total)

[----------] Global test environment tear-down
[==========] 1 test from 1 test suite ran. (0 ms total)
[  PASSED  ] 1 test.
<end of output>
Test time =   0.02 sec
----------------------------------------------------------
Test Passed.
"MatrixTest.SetAndGetElement" end time: Nov 06 00:48 Беларусь (зима)
"MatrixTest.SetAndGetElement" time elapsed: 00:00:00
----------------------------------------------------------

5/14 Testing: MatrixTest.Resize
5/14 Test: MatrixTest.Resize
Command: "C:/Users/Dasha/CLionProjects/MatrixPPOIS1/build/Tests/Tests.exe" "--gtest_filter=MatrixTest.Resize" "--gtest_also_run_disabled_tests"
Directory: C:/Users/Dasha/CLionProjects/MatrixPPOIS1/build/Tests
"MatrixTest.Resize" start time: Nov 06 00:48 Беларусь (зима)
Output:
----------------------------------------------------------
Running main() from C:\Users\Dasha\CLionProjects\MatrixPPOIS1\googletest-main\googletest\src\gtest_main.cc
Note: Google Test filter = MatrixTest.Resize
[==========] Running 1 test from 1 test suite.
[----------] Global test environment set-up.
[----------] 1 test from MatrixTest
[ RUN      ] MatrixTest.Resize
[       OK ] MatrixTest.Resize (0 ms)
[----------] 1 test from MatrixTest (0 ms total)

[----------] Global test environment tear-down
[==========] 1 test from 1 test suite ran. (0 ms total)
[  PASSED  ] 1 test.
<end of output>
Test time =   0.02 sec
----------------------------------------------------------
Test Passed.
"MatrixTest.Resize" end time: Nov 06 00:48 Беларусь (зима)
"MatrixTest.Resize" time elapsed: 00:00:00
----------------------------------------------------------

6/14 Testing: MatrixTest.Submatrix
6/14 Test: MatrixTest.Submatrix
Command: "C:/Users/Dasha/CLionProjects/MatrixPPOIS1/build/Tests/Tests.exe" "--gtest_filter=MatrixTest.Submatrix" "--gtest_also_run_disabled_tests"
Directory: C:/Users/Dasha/CLionProjects/MatrixPPOIS1/build/Tests
"MatrixTest.Submatrix" start time: Nov 06 00:48 Беларусь (зима)
Output:
----------------------------------------------------------
Running main() from C:\Users\Dasha\CLionProjects\MatrixPPOIS1\googletest-main\googletest\src\gtest_main.cc
Note: Google Test filter = MatrixTest.Submatrix
[==========] Running 1 test from 1 test suite.
[----------] Global test environment set-up.
[----------] 1 test from MatrixTest
[ RUN      ] MatrixTest.Submatrix
[       OK ] MatrixTest.Submatrix (0 ms)
[----------] 1 test from MatrixTest (0 ms total)

[----------] Global test environment tear-down
[==========] 1 test from 1 test suite ran. (0 ms total)
[  PASSED  ] 1 test.
<end of output>
Test time =   0.02 sec
----------------------------------------------------------
Test Passed.
"MatrixTest.Submatrix" end time: Nov 06 00:48 Беларусь (зима)
"MatrixTest.Submatrix" time elapsed: 00:00:00
----------------------------------------------------------

7/14 Testing: MatrixTest.Transpose
7/14 Test: MatrixTest.Transpose
Command: "C:/Users/Dasha/CLionProjects/MatrixPPOIS1/build/Tests/Tests.exe" "--gtest_filter=MatrixTest.Transpose" "--gtest_also_run_disabled_tests"
Directory: C:/Users/Dasha/CLionProjects/MatrixPPOIS1/build/Tests
"MatrixTest.Transpose" start time: Nov 06 00:48 Беларусь (зима)
Output:
----------------------------------------------------------
Running main() from C:\Users\Dasha\CLionProjects\MatrixPPOIS1\googletest-main\googletest\src\gtest_main.cc
Note: Google Test filter = MatrixTest.Transpose
[==========] Running 1 test from 1 test suite.
[----------] Global test environment set-up.
[----------] 1 test from MatrixTest
[ RUN      ] MatrixTest.Transpose
[       OK ] MatrixTest.Transpose (0 ms)
[----------] 1 test from MatrixTest (0 ms total)

[----------] Global test environment tear-down
[==========] 1 test from 1 test suite ran. (0 ms total)
[  PASSED  ] 1 test.
<end of output>
Test time =   0.02 sec
----------------------------------------------------------
Test Passed.
"MatrixTest.Transpose" end time: Nov 06 00:48 Беларусь (зима)
"MatrixTest.Transpose" time elapsed: 00:00:00
----------------------------------------------------------

8/14 Testing: MatrixTest.MatrixArithmetic
8/14 Test: MatrixTest.MatrixArithmetic
Command: "C:/Users/Dasha/CLionProjects/MatrixPPOIS1/build/Tests/Tests.exe" "--gtest_filter=MatrixTest.MatrixArithmetic" "--gtest_also_run_disabled_tests"
Directory: C:/Users/Dasha/CLionProjects/MatrixPPOIS1/build/Tests
"MatrixTest.MatrixArithmetic" start time: Nov 06 00:48 Беларусь (зима)
Output:
----------------------------------------------------------
Running main() from C:\Users\Dasha\CLionProjects\MatrixPPOIS1\googletest-main\googletest\src\gtest_main.cc
Note: Google Test filter = MatrixTest.MatrixArithmetic
[==========] Running 1 test from 1 test suite.
[----------] Global test environment set-up.
[----------] 1 test from MatrixTest
[ RUN      ] MatrixTest.MatrixArithmetic
[       OK ] MatrixTest.MatrixArithmetic (0 ms)
[----------] 1 test from MatrixTest (0 ms total)

[----------] Global test environment tear-down
[==========] 1 test from 1 test suite ran. (0 ms total)
[  PASSED  ] 1 test.
<end of output>
Test time =   0.02 sec
----------------------------------------------------------
Test Passed.
"MatrixTest.MatrixArithmetic" end time: Nov 06 00:48 Беларусь (зима)
"MatrixTest.MatrixArithmetic" time elapsed: 00:00:00
----------------------------------------------------------

9/14 Testing: MatrixTest.MatrixMultiplication
9/14 Test: MatrixTest.MatrixMultiplication
Command: "C:/Users/Dasha/CLionProjects/MatrixPPOIS1/build/Tests/Tests.exe" "--gtest_filter=MatrixTest.MatrixMultiplication" "--gtest_also_run_disabled_tests"
Directory: C:/Users/Dasha/CLionProjects/MatrixPPOIS1/build/Tests
"MatrixTest.MatrixMultiplication" start time: Nov 06 00:48 Беларусь (зима)
Output:
----------------------------------------------------------
Running main() from C:\Users\Dasha\CLionProjects\MatrixPPOIS1\googletest-main\googletest\src\gtest_main.cc
Note: Google Test filter = MatrixTest.MatrixMultiplication
[==========] Running 1 test from 1 test suite.
[----------] Global test environment set-up.
[----------] 1 test from MatrixTest
[ RUN      ] MatrixTest.MatrixMultiplication
[       OK ] MatrixTest.MatrixMultiplication (0 ms)
[----------] 1 test from MatrixTest (0 ms total)

[----------] Global test environment tear-down
[==========] 1 test from 1 test suite ran. (0 ms total)
[  PASSED  ] 1 test.
<end of output>
Test time =   0.02 sec
----------------------------------------------------------
Test Passed.
"MatrixTest.MatrixMultiplication" end time: Nov 06 00:48 Беларусь (зима)
"MatrixTest.MatrixMultiplication" time elapsed: 00:00:00
----------------------------------------------------------

10/14 Testing: MatrixTest.ScalarOperations
10/14 Test: MatrixTest.ScalarOperations
Command: "C:/Users/Dasha/CLionProjects/MatrixPPOIS1/build/Tests/Tests.exe" "--gtest_filter=MatrixTest.ScalarOperations" "--gtest_also_run_disabled_tests"
Directory: C:/Users/Dasha/CLionProjects/MatrixPPOIS1/build/Tests
"MatrixTest.ScalarOperations" start time: Nov 06 00:48 Беларусь (зима)
Output:
----------------------------------------------------------
Running main() from C:\Users\Dasha\CLionProjects\MatrixPPOIS1\googletest-main\googletest\src\gtest_main.cc
Note: Google Test filter = MatrixTest.ScalarOperations
[==========] Running 1 test from 1 test suite.
[----------] Global test environment set-up.
[----------] 1 test from MatrixTest
[ RUN      ] MatrixTest.ScalarOperations
[       OK ] MatrixTest.ScalarOperations (0 ms)
[----------] 1 test from MatrixTest (0 ms total)

[----------] Global test environment tear-down
[==========] 1 test from 1 test suite ran. (0 ms total)
[  PASSED  ] 1 test.
<end of output>
Test time =   0.02 sec
----------------------------------------------------------
Test Passed.
"MatrixTest.ScalarOperations" end time: Nov 06 00:48 Беларусь (зима)
"MatrixTest.ScalarOperations" time elapsed: 00:00:00
----------------------------------------------------------

11/14 Testing: MatrixTest.Determinant
11/14 Test: MatrixTest.Determinant
Command: "C:/Users/Dasha/CLionProjects/MatrixPPOIS1/build/Tests/Tests.exe" "--gtest_filter=MatrixTest.Determinant" "--gtest_also_run_disabled_tests"
Directory: C:/Users/Dasha/CLionProjects/MatrixPPOIS1/build/Tests
"MatrixTest.Determinant" start time: Nov 06 00:48 Беларусь (зима)
Output:
----------------------------------------------------------
Running main() from C:\Users\Dasha\CLionProjects\MatrixPPOIS1\googletest-main\googletest\src\gtest_main.cc
Note: Google Test filter = MatrixTest.Determinant
[==========] Running 1 test from 1 test suite.
[----------] Global test environment set-up.
[----------] 1 test from MatrixTest
[ RUN      ] MatrixTest.Determinant
[       OK ] MatrixTest.Determinant (0 ms)
[----------] 1 test from MatrixTest (0 ms total)

[----------] Global test environment tear-down
[==========] 1 test from 1 test suite ran. (0 ms total)
[  PASSED  ] 1 test.
<end of output>
Test time =   0.02 sec
----------------------------------------------------------
Test Passed.
"MatrixTest.Determinant" end time: Nov 06 00:48 Беларусь (зима)
"MatrixTest.Determinant" time elapsed: 00:00:00
----------------------------------------------------------

12/14 Testing: MatrixTest.Norm
12/14 Test: MatrixTest.Norm
Command: "C:/Users/Dasha/CLionProjects/MatrixPPOIS1/build/Tests/Tests.exe" "--gtest_filter=MatrixTest.Norm" "--gtest_also_run_disabled_tests"
Directory: C:/Users/Dasha/CLionProjects/MatrixPPOIS1/build/Tests
"MatrixTest.Norm" start time: Nov 06 00:48 Беларусь (зима)
Output:
----------------------------------------------------------
Running main() from C:\Users\Dasha\CLionProjects\MatrixPPOIS1\googletest-main\googletest\src\gtest_main.cc
Note: Google Test filter = MatrixTest.Norm
[==========] Running 1 test from 1 test suite.
[----------] Global test environment set-up.
[----------] 1 test from MatrixTest
[ RUN      ] MatrixTest.Norm
[       OK ] MatrixTest.Norm (0 ms)
[----------] 1 test from MatrixTest (0 ms total)

[----------] Global test environment tear-down
[==========] 1 test from 1 test suite ran. (0 ms total)
[  PASSED  ] 1 test.
<end of output>
Test time =   0.02 sec
----------------------------------------------------------
Test Passed.
"MatrixTest.Norm" end time: Nov 06 00:48 Беларусь (зима)
"MatrixTest.Norm" time elapsed: 00:00:00
----------------------------------------------------------

13/14 Testing: MatrixTest.MatrixProperties
13/14 Test: MatrixTest.MatrixProperties
Command: "C:/Users/Dasha/CLionProjects/MatrixPPOIS1/build/Tests/Tests.exe" "--gtest_filter=MatrixTest.MatrixProperties" "--gtest_also_run_disabled_tests"
Directory: C:/Users/Dasha/CLionProjects/MatrixPPOIS1/build/Tests
"MatrixTest.MatrixProperties" start time: Nov 06 00:48 Беларусь (зима)
Output:
----------------------------------------------------------
Running main() from C:\Users\Dasha\CLionProjects\MatrixPPOIS1\googletest-main\googletest\src\gtest_main.cc
Note: Google Test filter = MatrixTest.MatrixProperties
[==========] Running 1 test from 1 test suite.
[----------] Global test environment set-up.
[----------] 1 test from MatrixTest
[ RUN      ] MatrixTest.MatrixProperties
[       OK ] MatrixTest.MatrixProperties (0 ms)
[----------] 1 test from MatrixTest (0 ms total)

[----------] Global test environment tear-down
[==========] 1 test from 1 test suite ran. (0 ms total)
[  PASSED  ] 1 test.
<end of output>
Test time =   0.02 sec
----------------------------------------------------------
Test Passed.
"MatrixTest.MatrixProperties" end time: Nov 06 00:48 Беларусь (зима)
"MatrixTest.MatrixProperties" time elapsed: 00:00:00
----------------------------------------------------------

14/14 Testing: MatrixTest.LoadFromFile
14/14 Test: MatrixTest.LoadFromFile
Command: "C:/Users/Dasha/CLionProjects/MatrixPPOIS1/build/Tests/Tests.exe" "--gtest_filter=MatrixTest.LoadFromFile" "--gtest_also_run_disabled_tests"
Directory: C:/Users/Dasha/CLionProjects/MatrixPPOIS1/build/Tests
"MatrixTest.LoadFromFile" start time: Nov 06 00:48 Беларусь (зима)
Output:
----------------------------------------------------------
Running main() from C:\Users\Dasha\CLionProjects\MatrixPPOIS1\googletest-main\googletest\src\gtest_main.cc
Note: Google Test filter = MatrixTest.LoadFromFile
[==========] Running 1 test from 1 test suite.
[----------] Global test environment set-up.
[----------] 1 test from MatrixTest
[ RUN      ] MatrixTest.LoadFromFile
[       OK ] MatrixTest.LoadFromFile (3 ms)
[----------] 1 test from MatrixTest (3 ms total)

[----------] Global test environment tear-down
[==========] 1 test from 1 test suite ran. (3 ms total)
[  PASSED  ] 1 test.
<end of output>
Test time =   0.02 sec
----------------------------------------------------------
Test Passed.
"MatrixTest.LoadFromFile" end time: Nov 06 00:48 Беларусь (зима)
"MatrixTest.LoadFromFile" time elapsed: 00:00:00
----------------------------------------------------------

End testing: Nov 06 00:48 Беларусь (зима)
