Start testing: Nov 06 00:24 Беларусь (зима)
----------------------------------------------------------
1/11 Testing: VectorTest.DefaultConstructor
1/11 Test: VectorTest.DefaultConstructor
Command: "C:/Users/Dasha/CLionProjects/VectorPPOIS1/build/Tests/Tests.exe" "--gtest_filter=VectorTest.DefaultConstructor" "--gtest_also_run_disabled_tests"
Directory: C:/Users/Dasha/CLionProjects/VectorPPOIS1/build/Tests
"VectorTest.DefaultConstructor" start time: Nov 06 00:24 Беларусь (зима)
Output:
----------------------------------------------------------
Running main() from C:\Users\Dasha\CLionProjects\VectorPPOIS1\googletest-main\googletest\src\gtest_main.cc
Note: Google Test filter = VectorTest.DefaultConstructor
[==========] Running 1 test from 1 test suite.
[----------] Global test environment set-up.
[----------] 1 test from VectorTest
[ RUN      ] VectorTest.DefaultConstructor
[       OK ] VectorTest.DefaultConstructor (0 ms)
[----------] 1 test from VectorTest (0 ms total)

[----------] Global test environment tear-down
[==========] 1 test from 1 test suite ran. (0 ms total)
[  PASSED  ] 1 test.
<end of output>
Test time =   0.02 sec
----------------------------------------------------------
Test Passed.
"VectorTest.DefaultConstructor" end time: Nov 06 00:24 Беларусь (зима)
"VectorTest.DefaultConstructor" time elapsed: 00:00:00
----------------------------------------------------------

2/11 Testing: VectorTest.ParameterizedConstructor
2/11 Test: VectorTest.ParameterizedConstructor
Command: "C:/Users/Dasha/CLionProjects/VectorPPOIS1/build/Tests/Tests.exe" "--gtest_filter=VectorTest.ParameterizedConstructor" "--gtest_also_run_disabled_tests"
Directory: C:/Users/Dasha/CLionProjects/VectorPPOIS1/build/Tests
"VectorTest.ParameterizedConstructor" start time: Nov 06 00:24 Беларусь (зима)
Output:
----------------------------------------------------------
Running main() from C:\Users\Dasha\CLionProjects\VectorPPOIS1\googletest-main\googletest\src\gtest_main.cc
Note: Google Test filter = VectorTest.ParameterizedConstructor
[==========] Running 1 test from 1 test suite.
[----------] Global test environment set-up.
[----------] 1 test from VectorTest
[ RUN      ] VectorTest.ParameterizedConstructor
[       OK ] VectorTest.ParameterizedConstructor (0 ms)
[----------] 1 test from VectorTest (0 ms total)

[----------] Global test environment tear-down
[==========] 1 test from 1 test suite ran. (0 ms total)
[  PASSED  ] 1 test.
<end of output>
Test time =   0.02 sec
----------------------------------------------------------
Test Passed.
"VectorTest.ParameterizedConstructor" end time: Nov 06 00:24 Беларусь (зима)
"VectorTest.ParameterizedConstructor" time elapsed: 00:00:00
----------------------------------------------------------

3/11 Testing: VectorTest.CopyAndAssignment
3/11 Test: VectorTest.CopyAndAssignment
Command: "C:/Users/Dasha/CLionProjects/VectorPPOIS1/build/Tests/Tests.exe" "--gtest_filter=VectorTest.CopyAndAssignment" "--gtest_also_run_disabled_tests"
Directory: C:/Users/Dasha/CLionProjects/VectorPPOIS1/build/Tests
"VectorTest.CopyAndAssignment" start time: Nov 06 00:24 Беларусь (зима)
Output:
----------------------------------------------------------
Running main() from C:\Users\Dasha\CLionProjects\VectorPPOIS1\googletest-main\googletest\src\gtest_main.cc
Note: Google Test filter = VectorTest.CopyAndAssignment
[==========] Running 1 test from 1 test suite.
[----------] Global test environment set-up.
[----------] 1 test from VectorTest
[ RUN      ] VectorTest.CopyAndAssignment
[       OK ] VectorTest.CopyAndAssignment (0 ms)
[----------] 1 test from VectorTest (0 ms total)

[----------] Global test environment tear-down
[==========] 1 test from 1 test suite ran. (0 ms total)
[  PASSED  ] 1 test.
<end of output>
Test time =   0.02 sec
----------------------------------------------------------
Test Passed.
"VectorTest.CopyAndAssignment" end time: Nov 06 00:24 Беларусь (зима)
"VectorTest.CopyAndAssignment" time elapsed: 00:00:00
----------------------------------------------------------

4/11 Testing: VectorTest.Setters
4/11 Test: VectorTest.Setters
Command: "C:/Users/Dasha/CLionProjects/VectorPPOIS1/build/Tests/Tests.exe" "--gtest_filter=VectorTest.Setters" "--gtest_also_run_disabled_tests"
Directory: C:/Users/Dasha/CLionProjects/VectorPPOIS1/build/Tests
"VectorTest.Setters" start time: Nov 06 00:24 Беларусь (зима)
Output:
----------------------------------------------------------
Running main() from C:\Users\Dasha\CLionProjects\VectorPPOIS1\googletest-main\googletest\src\gtest_main.cc
Note: Google Test filter = VectorTest.Setters
[==========] Running 1 test from 1 test suite.
[----------] Global test environment set-up.
[----------] 1 test from VectorTest
[ RUN      ] VectorTest.Setters
[       OK ] VectorTest.Setters (0 ms)
[----------] 1 test from VectorTest (0 ms total)

[----------] Global test environment tear-down
[==========] 1 test from 1 test suite ran. (0 ms total)
[  PASSED  ] 1 test.
<end of output>
Test time =   0.02 sec
----------------------------------------------------------
Test Passed.
"VectorTest.Setters" end time: Nov 06 00:24 Беларусь (зима)
"VectorTest.Setters" time elapsed: 00:00:00
----------------------------------------------------------

5/11 Testing: VectorTest.Length
5/11 Test: VectorTest.Length
Command: "C:/Users/Dasha/CLionProjects/VectorPPOIS1/build/Tests/Tests.exe" "--gtest_filter=VectorTest.Length" "--gtest_also_run_disabled_tests"
Directory: C:/Users/Dasha/CLionProjects/VectorPPOIS1/build/Tests
"VectorTest.Length" start time: Nov 06 00:24 Беларусь (зима)
Output:
----------------------------------------------------------
Running main() from C:\Users\Dasha\CLionProjects\VectorPPOIS1\googletest-main\googletest\src\gtest_main.cc
Note: Google Test filter = VectorTest.Length
[==========] Running 1 test from 1 test suite.
[----------] Global test environment set-up.
[----------] 1 test from VectorTest
[ RUN      ] VectorTest.Length
[       OK ] VectorTest.Length (0 ms)
[----------] 1 test from VectorTest (0 ms total)

[----------] Global test environment tear-down
[==========] 1 test from 1 test suite ran. (0 ms total)
[  PASSED  ] 1 test.
<end of output>
Test time =   0.02 sec
----------------------------------------------------------
Test Passed.
"VectorTest.Length" end time: Nov 06 00:24 Беларусь (зима)
"VectorTest.Length" time elapsed: 00:00:00
----------------------------------------------------------

6/11 Testing: VectorTest.AdditionAndSubtraction
6/11 Test: VectorTest.AdditionAndSubtraction
Command: "C:/Users/Dasha/CLionProjects/VectorPPOIS1/build/Tests/Tests.exe" "--gtest_filter=VectorTest.AdditionAndSubtraction" "--gtest_also_run_disabled_tests"
Directory: C:/Users/Dasha/CLionProjects/VectorPPOIS1/build/Tests
"VectorTest.AdditionAndSubtraction" start time: Nov 06 00:24 Беларусь (зима)
Output:
----------------------------------------------------------
Running main() from C:\Users\Dasha\CLionProjects\VectorPPOIS1\googletest-main\googletest\src\gtest_main.cc
Note: Google Test filter = VectorTest.AdditionAndSubtraction
[==========] Running 1 test from 1 test suite.
[----------] Global test environment set-up.
[----------] 1 test from VectorTest
[ RUN      ] VectorTest.AdditionAndSubtraction
[       OK ] VectorTest.AdditionAndSubtraction (0 ms)
[----------] 1 test from VectorTest (0 ms total)

[----------] Global test environment tear-down
[==========] 1 test from 1 test suite ran. (0 ms total)
[  PASSED  ] 1 test.
<end of output>
Test time =   0.02 sec
----------------------------------------------------------
Test Passed.
"VectorTest.AdditionAndSubtraction" end time: Nov 06 00:24 Беларусь (зима)
"VectorTest.AdditionAndSubtraction" time elapsed: 00:00:00
----------------------------------------------------------

7/11 Testing: VectorTest.ScalarMultiplication
7/11 Test: VectorTest.ScalarMultiplication
Command: "C:/Users/Dasha/CLionProjects/VectorPPOIS1/build/Tests/Tests.exe" "--gtest_filter=VectorTest.ScalarMultiplication" "--gtest_also_run_disabled_tests"
Directory: C:/Users/Dasha/CLionProjects/VectorPPOIS1/build/Tests
"VectorTest.ScalarMultiplication" start time: Nov 06 00:24 Беларусь (зима)
Output:
----------------------------------------------------------
Running main() from C:\Users\Dasha\CLionProjects\VectorPPOIS1\googletest-main\googletest\src\gtest_main.cc
Note: Google Test filter = VectorTest.ScalarMultiplication
[==========] Running 1 test from 1 test suite.
[----------] Global test environment set-up.
[----------] 1 test from VectorTest
[ RUN      ] VectorTest.ScalarMultiplication
[       OK ] VectorTest.ScalarMultiplication (0 ms)
[----------] 1 test from VectorTest (0 ms total)

[----------] Global test environment tear-down
[==========] 1 test from 1 test suite ran. (0 ms total)
[  PASSED  ] 1 test.
<end of output>
Test time =   0.02 sec
----------------------------------------------------------
Test Passed.
"VectorTest.ScalarMultiplication" end time: Nov 06 00:24 Беларусь (зима)
"VectorTest.ScalarMultiplication" time elapsed: 00:00:00
----------------------------------------------------------

8/11 Testing: VectorTest.CrossProduct
8/11 Test: VectorTest.CrossProduct
Command: "C:/Users/Dasha/CLionProjects/VectorPPOIS1/build/Tests/Tests.exe" "--gtest_filter=VectorTest.CrossProduct" "--gtest_also_run_disabled_tests"
Directory: C:/Users/Dasha/CLionProjects/VectorPPOIS1/build/Tests
"VectorTest.CrossProduct" start time: Nov 06 00:24 Беларусь (зима)
Output:
----------------------------------------------------------
Running main() from C:\Users\Dasha\CLionProjects\VectorPPOIS1\googletest-main\googletest\src\gtest_main.cc
Note: Google Test filter = VectorTest.CrossProduct
[==========] Running 1 test from 1 test suite.
[----------] Global test environment set-up.
[----------] 1 test from VectorTest
[ RUN      ] VectorTest.CrossProduct
[       OK ] VectorTest.CrossProduct (0 ms)
[----------] 1 test from VectorTest (0 ms total)

[----------] Global test environment tear-down
[==========] 1 test from 1 test suite ran. (0 ms total)
[  PASSED  ] 1 test.
<end of output>
Test time =   0.02 sec
----------------------------------------------------------
Test Passed.
"VectorTest.CrossProduct" end time: Nov 06 00:24 Беларусь (зима)
"VectorTest.CrossProduct" time elapsed: 00:00:00
----------------------------------------------------------

9/11 Testing: VectorTest.ComponentDivision
9/11 Test: VectorTest.ComponentDivision
Command: "C:/Users/Dasha/CLionProjects/VectorPPOIS1/build/Tests/Tests.exe" "--gtest_filter=VectorTest.ComponentDivision" "--gtest_also_run_disabled_tests"
Directory: C:/Users/Dasha/CLionProjects/VectorPPOIS1/build/Tests
"VectorTest.ComponentDivision" start time: Nov 06 00:24 Беларусь (зима)
Output:
----------------------------------------------------------
Running main() from C:\Users\Dasha\CLionProjects\VectorPPOIS1\googletest-main\googletest\src\gtest_main.cc
Note: Google Test filter = VectorTest.ComponentDivision
[==========] Running 1 test from 1 test suite.
[----------] Global test environment set-up.
[----------] 1 test from VectorTest
[ RUN      ] VectorTest.ComponentDivision
[       OK ] VectorTest.ComponentDivision (0 ms)
[----------] 1 test from VectorTest (0 ms total)

[----------] Global test environment tear-down
[==========] 1 test from 1 test suite ran. (0 ms total)
[  PASSED  ] 1 test.
<end of output>
Test time =   0.02 sec
----------------------------------------------------------
Test Passed.
"VectorTest.ComponentDivision" end time: Nov 06 00:24 Беларусь (зима)
"VectorTest.ComponentDivision" time elapsed: 00:00:00
----------------------------------------------------------

10/11 Testing: VectorTest.CosineAngle
10/11 Test: VectorTest.CosineAngle
Command: "C:/Users/Dasha/CLionProjects/VectorPPOIS1/build/Tests/Tests.exe" "--gtest_filter=VectorTest.CosineAngle" "--gtest_also_run_disabled_tests"
Directory: C:/Users/Dasha/CLionProjects/VectorPPOIS1/build/Tests
"VectorTest.CosineAngle" start time: Nov 06 00:24 Беларусь (зима)
Output:
----------------------------------------------------------
Running main() from C:\Users\Dasha\CLionProjects\VectorPPOIS1\googletest-main\googletest\src\gtest_main.cc
Note: Google Test filter = VectorTest.CosineAngle
[==========] Running 1 test from 1 test suite.
[----------] Global test environment set-up.
[----------] 1 test from VectorTest
[ RUN      ] VectorTest.CosineAngle
[       OK ] VectorTest.CosineAngle (0 ms)
[----------] 1 test from VectorTest (0 ms total)

[----------] Global test environment tear-down
[==========] 1 test from 1 test suite ran. (0 ms total)
[  PASSED  ] 1 test.
<end of output>
Test time =   0.02 sec
----------------------------------------------------------
Test Passed.
"VectorTest.CosineAngle" end time: Nov 06 00:24 Беларусь (зима)
"VectorTest.CosineAngle" time elapsed: 00:00:00
----------------------------------------------------------

11/11 Testing: VectorTest.ComparisonOperators
11/11 Test: VectorTest.ComparisonOperators
Command: "C:/Users/Dasha/CLionProjects/VectorPPOIS1/build/Tests/Tests.exe" "--gtest_filter=VectorTest.ComparisonOperators" "--gtest_also_run_disabled_tests"
Directory: C:/Users/Dasha/CLionProjects/VectorPPOIS1/build/Tests
"VectorTest.ComparisonOperators" start time: Nov 06 00:24 Беларусь (зима)
Output:
----------------------------------------------------------
Running main() from C:\Users\Dasha\CLionProjects\VectorPPOIS1\googletest-main\googletest\src\gtest_main.cc
Note: Google Test filter = VectorTest.ComparisonOperators
[==========] Running 1 test from 1 test suite.
[----------] Global test environment set-up.
[----------] 1 test from VectorTest
[ RUN      ] VectorTest.ComparisonOperators
[       OK ] VectorTest.ComparisonOperators (0 ms)
[----------] 1 test from VectorTest (0 ms total)

[----------] Global test environment tear-down
[==========] 1 test from 1 test suite ran. (0 ms total)
[  PASSED  ] 1 test.
<end of output>
Test time =   0.02 sec
----------------------------------------------------------
Test Passed.
"VectorTest.ComparisonOperators" end time: Nov 06 00:24 Беларусь (зима)
"VectorTest.ComparisonOperators" time elapsed: 00:00:00
----------------------------------------------------------

End testing: Nov 06 00:24 Беларусь (зима)
